<?xml version="1.0" encoding="UTF-8"?>
<!-- Generated by org.testng.reporters.JUnitXMLReporter -->
<testsuite ignored="3" hostname="DESKTOP-HCR4SHI" failures="0" tests="1" name="UITests(failed)(failed)" time="3.32" errors="0" timestamp="2026-03-09T17:18:53 IST">
  <testcase classname="com.parabank.tests.LoginTest" name="validateLoginBtnFeild" time="0.047"/>
  <testcase classname="com.parabank.tests.LoginTest" name="loginUser" time="0.0">
    <ignored/>
  </testcase> <!-- loginUser -->
  <testcase classname="com.parabank.tests.LoginTest" name="validatePWDFeild" time="0.0">
    <ignored/>
  </testcase> <!-- validatePWDFeild -->
  <testcase classname="com.parabank.tests.LoginTest" name="validateUserFeild" time="0.0">
    <ignored/>
  </testcase> <!-- validateUserFeild -->
</testsuite> <!-- UITests(failed)(failed) -->
