<?xml version="1.0" encoding="UTF-8"?>
<testng-results ignored="0" total="9" passed="9" failed="0" skipped="0">
  <reporter-output>
  </reporter-output>
  <suite started-at="2026-03-09T19:06:43 IST" name="paraBank" finished-at="2026-03-09T19:06:48 IST" duration-ms="4539">
    <groups>
    </groups>
    <test started-at="2026-03-09T19:06:43 IST" name="ChromeTests" finished-at="2026-03-09T19:06:48 IST" duration-ms="4539">
      <class name="com.parabank.tests.AccountsOverviewTest">
        <test-method is-config="true" signature="setUpAccOverViewPage()[pri:0, instance:com.parabank.tests.AccountsOverviewTest@7bedc48a]" started-at="2026-03-09T19:06:45 IST" name="setUpAccOverViewPage" finished-at="2026-03-09T19:06:45 IST" duration-ms="11" status="PASS">
          <reporter-output>
          </reporter-output>
        </test-method> <!-- setUpAccOverViewPage -->
        <test-method signature="verify_AccOverView_Link()[pri:1, instance:com.parabank.tests.AccountsOverviewTest@7bedc48a]" started-at="2026-03-09T19:06:45 IST" name="verify_AccOverView_Link" finished-at="2026-03-09T19:06:47 IST" duration-ms="1324" status="PASS">
          <reporter-output>
          </reporter-output>
        </test-method> <!-- verify_AccOverView_Link -->
        <test-method signature="verifyAccNum()[pri:2, instance:com.parabank.tests.AccountsOverviewTest@7bedc48a]" started-at="2026-03-09T19:06:47 IST" name="verifyAccNum" finished-at="2026-03-09T19:06:47 IST" duration-ms="331" status="PASS">
          <reporter-output>
          </reporter-output>
        </test-method> <!-- verifyAccNum -->
        <test-method signature="verifyAccbalance()[pri:3, instance:com.parabank.tests.AccountsOverviewTest@7bedc48a]" started-at="2026-03-09T19:06:47 IST" name="verifyAccbalance" finished-at="2026-03-09T19:06:47 IST" duration-ms="34" status="PASS">
          <reporter-output>
          </reporter-output>
        </test-method> <!-- verifyAccbalance -->
      </class> <!-- com.parabank.tests.AccountsOverviewTest -->
      <class name="com.parabank.tests.LoginTest">
        <test-method is-config="true" signature="setDriver(java.lang.String)[pri:0, instance:com.parabank.tests.LoginTest@247bddad]" started-at="2026-03-09T19:06:42 IST" name="setDriver" finished-at="2026-03-09T19:06:43 IST" duration-ms="1041" status="PASS">
          <params>
            <param index="0">
              <value>
                <![CDATA[chrome]]>
              </value>
            </param>
          </params>
          <reporter-output>
          </reporter-output>
        </test-method> <!-- setDriver -->
        <test-method is-config="true" signature="setupLoginPage()[pri:0, instance:com.parabank.tests.LoginTest@247bddad]" started-at="2026-03-09T19:06:43 IST" name="setupLoginPage" finished-at="2026-03-09T19:06:45 IST" duration-ms="1753" status="PASS">
          <reporter-output>
          </reporter-output>
        </test-method> <!-- setupLoginPage -->
        <test-method signature="validateUserFeild()[pri:1, instance:com.parabank.tests.LoginTest@247bddad]" started-at="2026-03-09T19:06:45 IST" name="validateUserFeild" finished-at="2026-03-09T19:06:45 IST" duration-ms="46" status="PASS">
          <reporter-output>
          </reporter-output>
        </test-method> <!-- validateUserFeild -->
        <test-method signature="validatePWDFeild()[pri:2, instance:com.parabank.tests.LoginTest@247bddad]" started-at="2026-03-09T19:06:45 IST" name="validatePWDFeild" finished-at="2026-03-09T19:06:45 IST" duration-ms="16" status="PASS">
          <reporter-output>
          </reporter-output>
        </test-method> <!-- validatePWDFeild -->
        <test-method signature="validateLoginBtnFeild()[pri:3, instance:com.parabank.tests.LoginTest@247bddad]" started-at="2026-03-09T19:06:45 IST" name="validateLoginBtnFeild" finished-at="2026-03-09T19:06:45 IST" duration-ms="17" status="PASS">
          <reporter-output>
          </reporter-output>
        </test-method> <!-- validateLoginBtnFeild -->
        <test-method signature="loginUser()[pri:4, instance:com.parabank.tests.LoginTest@247bddad]" started-at="2026-03-09T19:06:45 IST" name="loginUser" finished-at="2026-03-09T19:06:45 IST" duration-ms="133" status="PASS">
          <reporter-output>
          </reporter-output>
        </test-method> <!-- loginUser -->
        <test-method is-config="true" signature="tearTown()[pri:0, instance:com.parabank.tests.LoginTest@247bddad]" started-at="2026-03-09T19:06:45 IST" name="tearTown" finished-at="2026-03-09T19:06:45 IST" duration-ms="0" status="PASS">
          <reporter-output>
          </reporter-output>
        </test-method> <!-- tearTown -->
        <test-method is-config="true" signature="tearDown()[pri:0, instance:com.parabank.tests.LoginTest@247bddad]" started-at="2026-03-09T19:06:48 IST" name="tearDown" finished-at="2026-03-09T19:06:48 IST" duration-ms="0" status="PASS">
          <reporter-output>
          </reporter-output>
        </test-method> <!-- tearDown -->
      </class> <!-- com.parabank.tests.LoginTest -->
      <class name="com.parabank.tests.LogoutTest">
        <test-method is-config="true" signature="setupLogoutPage()[pri:0, instance:com.parabank.tests.LogoutTest@131ef10]" started-at="2026-03-09T19:06:47 IST" name="setupLogoutPage" finished-at="2026-03-09T19:06:47 IST" duration-ms="1" status="PASS">
          <reporter-output>
          </reporter-output>
        </test-method> <!-- setupLogoutPage -->
        <test-method signature="logoutPage()[pri:1, instance:com.parabank.tests.LogoutTest@131ef10]" started-at="2026-03-09T19:06:47 IST" name="logoutPage" finished-at="2026-03-09T19:06:48 IST" duration-ms="715" status="PASS">
          <reporter-output>
          </reporter-output>
        </test-method> <!-- logoutPage -->
        <test-method signature="closeBroser()[pri:2, instance:com.parabank.tests.LogoutTest@131ef10]" started-at="2026-03-09T19:06:48 IST" name="closeBroser" finished-at="2026-03-09T19:06:48 IST" duration-ms="107" status="PASS">
          <reporter-output>
          </reporter-output>
        </test-method> <!-- closeBroser -->
      </class> <!-- com.parabank.tests.LogoutTest -->
    </test> <!-- ChromeTests -->
  </suite> <!-- paraBank -->
</testng-results>
