<?xml version="1.0" encoding="UTF-8"?>
<!-- Generated by org.testng.reporters.JUnitReportReporter -->
<testsuite hostname="DESKTOP-HCR4SHI" failures="0" tests="4" name="restAssuredPack.CollegeAPITest" time="1.693" errors="0" timestamp="2025-10-27T11:23:32 IST" skipped="0">
  <testcase classname="restAssuredPack.CollegeAPITest" name="createStudent" time="1.281"/>
  <testcase classname="restAssuredPack.CollegeAPITest" name="getStudent" time="0.079"/>
  <testcase classname="restAssuredPack.CollegeAPITest" name="updateStudent" time="0.060"/>
  <testcase classname="restAssuredPack.CollegeAPITest" name="deleteStudent" time="0.273"/>
</testsuite> <!-- restAssuredPack.CollegeAPITest -->
