<?xml version="1.0" encoding="UTF-8"?>
<!-- Generated by org.testng.reporters.JUnitReportReporter -->
<testsuite hostname="DESKTOP-HCR4SHI" failures="0" tests="3" name="com.parabank.tests.AccountsOverviewTest" time="1.689" errors="0" timestamp="2026-03-09T19:06:48 IST" skipped="0">
  <testcase classname="com.parabank.tests.AccountsOverviewTest" name="verify_AccOverView_Link" time="1.324"/>
  <testcase classname="com.parabank.tests.AccountsOverviewTest" name="verifyAccNum" time="0.331"/>
  <testcase classname="com.parabank.tests.AccountsOverviewTest" name="verifyAccbalance" time="0.034"/>
</testsuite> <!-- com.parabank.tests.AccountsOverviewTest -->
