<?xml version="1.0" encoding="UTF-8"?>
<!-- Generated by org.testng.reporters.JUnitReportReporter -->
<testsuite hostname="DESKTOP-HCR4SHI" failures="0" tests="4" name="com.parabank.tests.LoginTest" time="0.212" errors="0" timestamp="2026-03-09T19:06:48 IST" skipped="0">
  <testcase classname="com.parabank.tests.LoginTest" name="validateUserFeild" time="0.046"/>
  <testcase classname="com.parabank.tests.LoginTest" name="validatePWDFeild" time="0.016"/>
  <testcase classname="com.parabank.tests.LoginTest" name="validateLoginBtnFeild" time="0.017"/>
  <testcase classname="com.parabank.tests.LoginTest" name="loginUser" time="0.133"/>
</testsuite> <!-- com.parabank.tests.LoginTest -->
