<?xml version="1.0" encoding="UTF-8"?>
<!-- Generated by org.testng.reporters.JUnitReportReporter -->
<testsuite hostname="DESKTOP-HCR4SHI" failures="0" tests="2" name="com.parabank.tests.LogoutTest" time="0.822" errors="0" timestamp="2026-03-09T19:06:48 IST" skipped="0">
  <testcase classname="com.parabank.tests.LogoutTest" name="logoutPage" time="0.715"/>
  <testcase classname="com.parabank.tests.LogoutTest" name="closeBroser" time="0.107"/>
</testsuite> <!-- com.parabank.tests.LogoutTest -->
