<?xml version="1.0" encoding="UTF-8"?>
<!-- Generated by org.testng.reporters.JUnitReportReporter -->
<testsuite hostname="DESKTOP-HCR4SHI" failures="0" tests="4" name="restAssuredPack.CoursesAPITest" time="1.620" errors="0" timestamp="2025-10-27T14:03:26 IST" skipped="0">
  <testcase classname="restAssuredPack.CoursesAPITest" name="noOfCourses" time="1.545"/>
  <testcase classname="restAssuredPack.CoursesAPITest" name="readPurchaseAmount" time="0.024"/>
  <testcase classname="restAssuredPack.CoursesAPITest" name="readTitleOfFirstCourse" time="0.021"/>
  <testcase classname="restAssuredPack.CoursesAPITest" name="printTitlesAndPrices" time="0.030"/>
</testsuite> <!-- restAssuredPack.CoursesAPITest -->
