<?xml version="1.0" encoding="UTF-8"?>
<!-- Generated by org.testng.reporters.JUnitXMLReporter -->
<testsuite ignored="4" hostname="DESKTOP-HCR4SHI" failures="0" tests="9" name="ChromeTests" time="4.539" errors="0" timestamp="2026-03-09T19:06:48 IST">
  <testcase classname="com.parabank.tests.LoginTest" name="validateUserFeild" time="0.046"/>
  <testcase classname="com.parabank.tests.LoginTest" name="validatePWDFeild" time="0.016"/>
  <testcase classname="com.parabank.tests.LoginTest" name="validateLoginBtnFeild" time="0.017"/>
  <testcase classname="com.parabank.tests.LoginTest" name="loginUser" time="0.133"/>
  <testcase classname="com.parabank.tests.AccountsOverviewTest" name="verify_AccOverView_Link" time="1.324"/>
  <testcase classname="com.parabank.tests.AccountsOverviewTest" name="verifyAccNum" time="0.331"/>
  <testcase classname="com.parabank.tests.AccountsOverviewTest" name="verifyAccbalance" time="0.034"/>
  <testcase classname="com.parabank.tests.LogoutTest" name="logoutPage" time="0.715"/>
  <testcase classname="com.parabank.tests.LogoutTest" name="closeBroser" time="0.107"/>
  <testcase classname="com.parabank.BaseTest" name="@AfterSuite tearDown" time="0.0">
    <ignored/>
  </testcase> <!-- @AfterSuite tearDown -->
  <testcase classname="com.parabank.BaseTest" name="@AfterSuite tearDown" time="0.0">
    <ignored/>
  </testcase> <!-- @AfterSuite tearDown -->
  <testcase classname="com.parabank.BaseTest" name="@BeforeSuite setDriver" time="0.0">
    <ignored/>
  </testcase> <!-- @BeforeSuite setDriver -->
  <testcase classname="com.parabank.BaseTest" name="@BeforeSuite setDriver" time="0.0">
    <ignored/>
  </testcase> <!-- @BeforeSuite setDriver -->
</testsuite> <!-- ChromeTests -->
