<?xml version="1.0" encoding="UTF-8"?>
<!-- Generated by org.testng.reporters.JUnitXMLReporter -->
<testsuite ignored="0" hostname="DESKTOP-HCR4SHI" failures="0" tests="4" name="FirefoxTests" time="7.611" errors="0" timestamp="2026-03-09T17:30:46 IST">
  <testcase classname="com.parabank.tests.LoginTest" name="validateUserFeild" time="0.034"/>
  <testcase classname="com.parabank.tests.LoginTest" name="validatePWDFeild" time="0.02"/>
  <testcase classname="com.parabank.tests.LoginTest" name="validateLoginBtnFeild" time="0.024"/>
  <testcase classname="com.parabank.tests.LoginTest" name="loginUser" time="0.503"/>
</testsuite> <!-- FirefoxTests -->
