<?xml version="1.0" encoding="UTF-8"?>
<!-- Generated by org.testng.reporters.JUnitXMLReporter -->
<testsuite ignored="0" hostname="DESKTOP-HCR4SHI" failures="0" tests="4" name="UITests" time="3.531" errors="0" timestamp="2026-03-09T17:07:38 IST">
  <testcase classname="com.parabank.tests.LoginTest" name="validateUserFeild" time="0.041"/>
  <testcase classname="com.parabank.tests.LoginTest" name="validatePWDFeild" time="0.037"/>
  <testcase classname="com.parabank.tests.LoginTest" name="validateLoginBtnFeild" time="0.023"/>
  <testcase classname="com.parabank.tests.LoginTest" name="loginUser" time="0.464"/>
</testsuite> <!-- UITests -->
