<?xml version="1.0" encoding="UTF-8"?>
<!-- Generated by org.testng.reporters.JUnitXMLReporter -->
<testsuite ignored="2" hostname="DESKTOP-HCR4SHI" failures="1" tests="4" name="UITests(failed)" time="3.352" errors="0" timestamp="2026-03-09T17:16:18 IST">
  <testcase classname="com.parabank.tests.LoginTest" name="validatePWDFeild" time="0.056"/>
  <testcase classname="com.parabank.tests.LoginTest" name="validateLoginBtnFeild" time="0.034">
    <skipped/>
  </testcase> <!-- validateLoginBtnFeild -->
  <testcase classname="com.parabank.tests.LoginTest" name="validateLoginBtnFeild" time="0.034">
    <skipped/>
  </testcase> <!-- validateLoginBtnFeild -->
  <testcase classname="com.parabank.tests.LoginTest" name="validateLoginBtnFeild" time="0.016">
    <failure type="java.lang.AssertionError" message="expected [false] but found [true]">
      <![CDATA[java.lang.AssertionError: expected [false] but found [true]
at com.parabank.tests.LoginTest.validateLoginBtnFeild(LoginTest.java:36)
at java.base/java.util.ArrayList.forEach(ArrayList.java:1597)
... Removed 32 stack frames]]>
    </failure>
  </testcase> <!-- validateLoginBtnFeild -->
  <testcase classname="com.parabank.tests.LoginTest" name="loginUser" time="0.0">
    <ignored/>
  </testcase> <!-- loginUser -->
  <testcase classname="com.parabank.tests.LoginTest" name="validateUserFeild" time="0.0">
    <ignored/>
  </testcase> <!-- validateUserFeild -->
</testsuite> <!-- UITests(failed) -->
